<?xml version="1.0" encoding="UTF-8"?>
<testsuite xmlns:xsi="http://www.w3.org/2001/XMLSchema-instance" xsi:noNamespaceSchemaLocation="https://maven.apache.org/surefire/maven-surefire-plugin/xsd/surefire-test-report-3.0.xsd" version="3.0" name="TestProjectXMLDoc" time="4.017" tests="8" errors="0" skipped="0" failures="0">
  <properties>
[...]
</properties>
  <testcase name="testGetProjectIDTasks" classname="TestProjectXMLDoc" time="1.517"/>
  <testcase name="testPostProjectErr" classname="TestProjectXMLDoc" time="0.199"/>
  <testcase name="testCreateProject" classname="TestProjectXMLDoc" time="0.188"/>
  <testcase name="testCreateUpdateDeleteFlow" classname="TestProjectXMLDoc" time="0.127"/>
  <testcase name="testGetProjectID" classname="TestProjectXMLDoc" time="0.051"/>
  <testcase name="testGetProject" classname="TestProjectXMLDoc" time="0.084"/>
  <testcase name="testHeadProjectIDTasks" classname="TestProjectXMLDoc" time="0.039"/>
  <testcase name="testDeleteProjectIDErr" classname="TestProjectXMLDoc" time="0.074"/>
</testsuite>