<?xml version="1.0" encoding="UTF-8"?>
<testsuite xmlns:xsi="http://www.w3.org/2001/XMLSchema-instance" xsi:noNamespaceSchemaLocation="https://maven.apache.org/surefire/maven-surefire-plugin/xsd/surefire-test-report-3.0.xsd" version="3.0" name="TestProjectJSONUndoc" time="1.681" tests="3" errors="0" skipped="0" failures="0">
  <properties>
[...]
</properties>
  <testcase name="testPutProject" classname="TestProjectJSONUndoc" time="0.545"/>
  <testcase name="testDeleteProject" classname="TestProjectJSONUndoc" time="0.027"/>
  <testcase name="testOptionsProject" classname="TestProjectJSONUndoc" time="0.026"/>
</testsuite>